{"/home/cbthrive/NACCE/Java-exercise/practice/01_return.js": {"path":"/home/cbthrive/NACCE/Java-exercise/practice/01_return.js","statementMap":{"0":{"start":{"line":5,"column":4},"end":{"line":5,"column":24}},"1":{"start":{"line":11,"column":4},"end":{"line":11,"column":14}},"2":{"start":{"line":17,"column":4},"end":{"line":17,"column":24}},"3":{"start":{"line":23,"column":4},"end":{"line":23,"column":14}},"4":{"start":{"line":29,"column":4},"end":{"line":29,"column":14}},"5":{"start":{"line":33,"column":0},"end":{"line":33,"column":57}}},"fnMap":{"0":{"name":"hello","decl":{"start":{"line":4,"column":9},"end":{"line":4,"column":14}},"loc":{"start":{"line":4,"column":16},"end":{"line":6,"column":1}},"line":4},"1":{"name":"sum","decl":{"start":{"line":10,"column":9},"end":{"line":10,"column":12}},"loc":{"start":{"line":10,"column":18},"end":{"line":12,"column":1}},"line":10},"2":{"name":"helloPerson","decl":{"start":{"line":16,"column":9},"end":{"line":16,"column":20}},"loc":{"start":{"line":16,"column":26},"end":{"line":18,"column":1}},"line":16},"3":{"name":"minus","decl":{"start":{"line":22,"column":9},"end":{"line":22,"column":14}},"loc":{"start":{"line":22,"column":20},"end":{"line":24,"column":1}},"line":22},"4":{"name":"divide","decl":{"start":{"line":28,"column":9},"end":{"line":28,"column":15}},"loc":{"start":{"line":28,"column":21},"end":{"line":30,"column":1}},"line":28}},"branchMap":{},"s":{"0":1,"1":2,"2":2,"3":2,"4":2,"5":1},"f":{"0":1,"1":2,"2":2,"3":2,"4":2},"b":{},"_coverageSchema":"1a1c01bbd47fc00a2c39e90264f33305004495a9","hash":"d8f5572a29ef36530a19014ec87d93e3e0c69052"}
,"/home/cbthrive/NACCE/Java-exercise/practice/02_function_parameters.js": {"path":"/home/cbthrive/NACCE/Java-exercise/practice/02_function_parameters.js","statementMap":{"0":{"start":{"line":5,"column":4},"end":{"line":5,"column":18}},"1":{"start":{"line":11,"column":4},"end":{"line":11,"column":17}},"2":{"start":{"line":17,"column":4},"end":{"line":17,"column":30}},"3":{"start":{"line":23,"column":4},"end":{"line":23,"column":18}},"4":{"start":{"line":28,"column":0},"end":{"line":28,"column":49}}},"fnMap":{"0":{"name":"double","decl":{"start":{"line":4,"column":9},"end":{"line":4,"column":15}},"loc":{"start":{"line":4,"column":20},"end":{"line":6,"column":1}},"line":4},"1":{"name":"multiply","decl":{"start":{"line":10,"column":9},"end":{"line":10,"column":17}},"loc":{"start":{"line":10,"column":22},"end":{"line":12,"column":1}},"line":10},"2":{"name":"shout","decl":{"start":{"line":16,"column":9},"end":{"line":16,"column":14}},"loc":{"start":{"line":16,"column":20},"end":{"line":18,"column":1}},"line":16},"3":{"name":"first","decl":{"start":{"line":22,"column":9},"end":{"line":22,"column":14}},"loc":{"start":{"line":22,"column":19},"end":{"line":24,"column":1}},"line":22}},"branchMap":{},"s":{"0":3,"1":3,"2":2,"3":2,"4":1},"f":{"0":3,"1":3,"2":2,"3":2},"b":{},"_coverageSchema":"1a1c01bbd47fc00a2c39e90264f33305004495a9","hash":"96f04b2cc384b56c646b74eeb896b991cb44eebd"}
,"/home/cbthrive/NACCE/Java-exercise/practice/03_if_statements.js": {"path":"/home/cbthrive/NACCE/Java-exercise/practice/03_if_statements.js","statementMap":{"0":{"start":{"line":8,"column":4},"end":{"line":14,"column":5}},"1":{"start":{"line":9,"column":8},"end":{"line":9,"column":21}},"2":{"start":{"line":12,"column":8},"end":{"line":12,"column":22}},"3":{"start":{"line":21,"column":4},"end":{"line":27,"column":5}},"4":{"start":{"line":22,"column":8},"end":{"line":22,"column":25}},"5":{"start":{"line":25,"column":13},"end":{"line":25,"column":32}},"6":{"start":{"line":37,"column":4},"end":{"line":49,"column":5}},"7":{"start":{"line":38,"column":8},"end":{"line":38,"column":28}},"8":{"start":{"line":40,"column":11},"end":{"line":49,"column":5}},"9":{"start":{"line":41,"column":8},"end":{"line":41,"column":33}},"10":{"start":{"line":44,"column":11},"end":{"line":49,"column":5}},"11":{"start":{"line":45,"column":8},"end":{"line":45,"column":38}},"12":{"start":{"line":47,"column":11},"end":{"line":49,"column":5}},"13":{"start":{"line":48,"column":8},"end":{"line":48,"column":35}},"14":{"start":{"line":59,"column":8},"end":{"line":62,"column":9}},"15":{"start":{"line":60,"column":12},"end":{"line":60,"column":29}},"16":{"start":{"line":63,"column":8},"end":{"line":65,"column":9}},"17":{"start":{"line":64,"column":12},"end":{"line":64,"column":36}},"18":{"start":{"line":67,"column":8},"end":{"line":69,"column":9}},"19":{"start":{"line":68,"column":12},"end":{"line":68,"column":29}},"20":{"start":{"line":78,"column":0},"end":{"line":78,"column":52}}},"fnMap":{"0":{"name":"canDrink","decl":{"start":{"line":7,"column":9},"end":{"line":7,"column":17}},"loc":{"start":{"line":7,"column":22},"end":{"line":15,"column":1}},"line":7},"1":{"name":"canVote","decl":{"start":{"line":20,"column":9},"end":{"line":20,"column":16}},"loc":{"start":{"line":20,"column":21},"end":{"line":29,"column":1}},"line":20},"2":{"name":"canDrive","decl":{"start":{"line":36,"column":9},"end":{"line":36,"column":17}},"loc":{"start":{"line":36,"column":22},"end":{"line":51,"column":1}},"line":36},"3":{"name":"week","decl":{"start":{"line":57,"column":9},"end":{"line":57,"column":13}},"loc":{"start":{"line":57,"column":18},"end":{"line":70,"column":5}},"line":57}},"branchMap":{"0":{"loc":{"start":{"line":8,"column":4},"end":{"line":14,"column":5}},"type":"if","locations":[{"start":{"line":8,"column":4},"end":{"line":14,"column":5}},{"start":{"line":11,"column":11},"end":{"line":14,"column":5}}],"line":8},"1":{"loc":{"start":{"line":21,"column":4},"end":{"line":27,"column":5}},"type":"if","locations":[{"start":{"line":21,"column":4},"end":{"line":27,"column":5}},{"start":{"line":25,"column":11},"end":{"line":27,"column":5}}],"line":21},"2":{"loc":{"start":{"line":37,"column":4},"end":{"line":49,"column":5}},"type":"if","locations":[{"start":{"line":37,"column":4},"end":{"line":49,"column":5}},{"start":{"line":40,"column":11},"end":{"line":49,"column":5}}],"line":37},"3":{"loc":{"start":{"line":40,"column":11},"end":{"line":49,"column":5}},"type":"if","locations":[{"start":{"line":40,"column":11},"end":{"line":49,"column":5}},{"start":{"line":44,"column":11},"end":{"line":49,"column":5}}],"line":40},"4":{"loc":{"start":{"line":44,"column":11},"end":{"line":49,"column":5}},"type":"if","locations":[{"start":{"line":44,"column":11},"end":{"line":49,"column":5}},{"start":{"line":47,"column":11},"end":{"line":49,"column":5}}],"line":44},"5":{"loc":{"start":{"line":44,"column":15},"end":{"line":44,"column":39}},"type":"binary-expr","locations":[{"start":{"line":44,"column":15},"end":{"line":44,"column":25}},{"start":{"line":44,"column":29},"end":{"line":44,"column":39}}],"line":44},"6":{"loc":{"start":{"line":47,"column":11},"end":{"line":49,"column":5}},"type":"if","locations":[{"start":{"line":47,"column":11},"end":{"line":49,"column":5}},{"start":{},"end":{}}],"line":47},"7":{"loc":{"start":{"line":59,"column":8},"end":{"line":62,"column":9}},"type":"if","locations":[{"start":{"line":59,"column":8},"end":{"line":62,"column":9}},{"start":{},"end":{}}],"line":59},"8":{"loc":{"start":{"line":59,"column":12},"end":{"line":59,"column":94}},"type":"binary-expr","locations":[{"start":{"line":59,"column":12},"end":{"line":59,"column":28}},{"start":{"line":59,"column":32},"end":{"line":59,"column":49}},{"start":{"line":59,"column":53},"end":{"line":59,"column":72}},{"start":{"line":59,"column":76},"end":{"line":59,"column":94}}],"line":59},"9":{"loc":{"start":{"line":63,"column":8},"end":{"line":65,"column":9}},"type":"if","locations":[{"start":{"line":63,"column":8},"end":{"line":65,"column":9}},{"start":{},"end":{}}],"line":63},"10":{"loc":{"start":{"line":67,"column":8},"end":{"line":69,"column":9}},"type":"if","locations":[{"start":{"line":67,"column":8},"end":{"line":69,"column":9}},{"start":{},"end":{}}],"line":67},"11":{"loc":{"start":{"line":67,"column":12},"end":{"line":67,"column":50}},"type":"binary-expr","locations":[{"start":{"line":67,"column":12},"end":{"line":67,"column":30}},{"start":{"line":67,"column":34},"end":{"line":67,"column":50}}],"line":67}},"s":{"0":4,"1":2,"2":2,"3":4,"4":2,"5":2,"6":8,"7":2,"8":6,"9":1,"10":5,"11":2,"12":3,"13":3,"14":7,"15":4,"16":3,"17":1,"18":2,"19":2,"20":1},"f":{"0":4,"1":4,"2":8,"3":7},"b":{"0":[2,2],"1":[2,2],"2":[2,6],"3":[1,5],"4":[2,3],"5":[5,4],"6":[3,0],"7":[4,3],"8":[7,6,5,4],"9":[1,2],"10":[2,0],"11":[2,1]},"_coverageSchema":"1a1c01bbd47fc00a2c39e90264f33305004495a9","hash":"4880ae9ced11ef46032d62fb1b7a33b197ac8986"}
,"/home/cbthrive/NACCE/Java-exercise/practice/04_variables.js": {"path":"/home/cbthrive/NACCE/Java-exercise/practice/04_variables.js","statementMap":{"0":{"start":{"line":7,"column":12},"end":{"line":7,"column":14}},"1":{"start":{"line":16,"column":17},"end":{"line":16,"column":23}},"2":{"start":{"line":17,"column":4},"end":{"line":17,"column":16}},"3":{"start":{"line":29,"column":16},"end":{"line":29,"column":27}},"4":{"start":{"line":40,"column":0},"end":{"line":40,"column":45}}},"fnMap":{"0":{"name":"getName","decl":{"start":{"line":15,"column":9},"end":{"line":15,"column":16}},"loc":{"start":{"line":15,"column":18},"end":{"line":18,"column":1}},"line":15}},"branchMap":{},"s":{"0":1,"1":1,"2":1,"3":1,"4":1},"f":{"0":1},"b":{},"_coverageSchema":"1a1c01bbd47fc00a2c39e90264f33305004495a9","hash":"8427d565c30ab47fc8e44e10419465ded7cfe843"}
,"/home/cbthrive/NACCE/Java-exercise/practice/05_arrays_and_loops.js": {"path":"/home/cbthrive/NACCE/Java-exercise/practice/05_arrays_and_loops.js","statementMap":{"0":{"start":{"line":7,"column":4},"end":{"line":7,"column":18}},"1":{"start":{"line":15,"column":4},"end":{"line":15,"column":22}},"2":{"start":{"line":24,"column":4},"end":{"line":24,"column":31}},"3":{"start":{"line":32,"column":14},"end":{"line":32,"column":15}},"4":{"start":{"line":33,"column":4},"end":{"line":34,"column":22}},"5":{"start":{"line":33,"column":17},"end":{"line":33,"column":18}},"6":{"start":{"line":34,"column":8},"end":{"line":34,"column":22}},"7":{"start":{"line":35,"column":4},"end":{"line":35,"column":15}},"8":{"start":{"line":43,"column":18},"end":{"line":43,"column":24}},"9":{"start":{"line":44,"column":4},"end":{"line":46,"column":25}},"10":{"start":{"line":44,"column":17},"end":{"line":44,"column":18}},"11":{"start":{"line":45,"column":4},"end":{"line":46,"column":25}},"12":{"start":{"line":46,"column":8},"end":{"line":46,"column":25}},"13":{"start":{"line":47,"column":4},"end":{"line":47,"column":19}},"14":{"start":{"line":57,"column":14},"end":{"line":57,"column":15}},"15":{"start":{"line":58,"column":4},"end":{"line":59,"column":18}},"16":{"start":{"line":59,"column":4},"end":{"line":59,"column":15}},"17":{"start":{"line":60,"column":4},"end":{"line":60,"column":15}},"18":{"start":{"line":69,"column":18},"end":{"line":69,"column":24}},"19":{"start":{"line":70,"column":4},"end":{"line":74,"column":2}},"20":{"start":{"line":71,"column":8},"end":{"line":72,"column":22}},"21":{"start":{"line":72,"column":8},"end":{"line":72,"column":22}},"22":{"start":{"line":76,"column":0},"end":{"line":76,"column":15}},"23":{"start":{"line":86,"column":14},"end":{"line":86,"column":15}},"24":{"start":{"line":87,"column":12},"end":{"line":87,"column":13}},"25":{"start":{"line":88,"column":4},"end":{"line":91,"column":5}},"26":{"start":{"line":89,"column":5},"end":{"line":89,"column":19}},"27":{"start":{"line":90,"column":5},"end":{"line":90,"column":9}},"28":{"start":{"line":92,"column":4},"end":{"line":92,"column":15}},"29":{"start":{"line":101,"column":4},"end":{"line":101,"column":43}},"30":{"start":{"line":101,"column":26},"end":{"line":101,"column":43}},"31":{"start":{"line":102,"column":18},"end":{"line":102,"column":24}},"32":{"start":{"line":103,"column":12},"end":{"line":103,"column":13}},"33":{"start":{"line":104,"column":4},"end":{"line":108,"column":10}},"34":{"start":{"line":105,"column":8},"end":{"line":106,"column":31}},"35":{"start":{"line":106,"column":12},"end":{"line":106,"column":29}},"36":{"start":{"line":107,"column":12},"end":{"line":107,"column":15}},"37":{"start":{"line":109,"column":9},"end":{"line":109,"column":24}},"38":{"start":{"line":116,"column":0},"end":{"line":116,"column":135}}},"fnMap":{"0":{"name":"first","decl":{"start":{"line":6,"column":9},"end":{"line":6,"column":14}},"loc":{"start":{"line":6,"column":19},"end":{"line":9,"column":1}},"line":6},"1":{"name":"howMany","decl":{"start":{"line":14,"column":9},"end":{"line":14,"column":16}},"loc":{"start":{"line":14,"column":21},"end":{"line":17,"column":1}},"line":14},"2":{"name":"last","decl":{"start":{"line":23,"column":9},"end":{"line":23,"column":13}},"loc":{"start":{"line":23,"column":18},"end":{"line":26,"column":1}},"line":23},"3":{"name":"forLoopSum","decl":{"start":{"line":31,"column":9},"end":{"line":31,"column":19}},"loc":{"start":{"line":31,"column":24},"end":{"line":37,"column":1}},"line":31},"4":{"name":"forLoopHighest","decl":{"start":{"line":42,"column":9},"end":{"line":42,"column":23}},"loc":{"start":{"line":42,"column":28},"end":{"line":51,"column":1}},"line":42},"5":{"name":"forEachLoopSum","decl":{"start":{"line":56,"column":9},"end":{"line":56,"column":23}},"loc":{"start":{"line":56,"column":28},"end":{"line":63,"column":1}},"line":56},"6":{"name":"(anonymous_6)","decl":{"start":{"line":58,"column":16},"end":{"line":58,"column":17}},"loc":{"start":{"line":58,"column":30},"end":{"line":59,"column":17}},"line":58},"7":{"name":"forEachLoopHighest","decl":{"start":{"line":68,"column":9},"end":{"line":68,"column":27}},"loc":{"start":{"line":68,"column":32},"end":{"line":80,"column":1}},"line":68},"8":{"name":"(anonymous_8)","decl":{"start":{"line":70,"column":16},"end":{"line":70,"column":17}},"loc":{"start":{"line":70,"column":30},"end":{"line":73,"column":5}},"line":70},"9":{"name":"whileLoopSum","decl":{"start":{"line":85,"column":9},"end":{"line":85,"column":21}},"loc":{"start":{"line":85,"column":27},"end":{"line":95,"column":1}},"line":85},"10":{"name":"whileLoopHighest","decl":{"start":{"line":100,"column":9},"end":{"line":100,"column":25}},"loc":{"start":{"line":100,"column":30},"end":{"line":113,"column":1}},"line":100}},"branchMap":{"0":{"loc":{"start":{"line":45,"column":4},"end":{"line":46,"column":25}},"type":"if","locations":[{"start":{"line":45,"column":4},"end":{"line":46,"column":25}},{"start":{},"end":{}}],"line":45},"1":{"loc":{"start":{"line":71,"column":8},"end":{"line":72,"column":22}},"type":"if","locations":[{"start":{"line":71,"column":8},"end":{"line":72,"column":22}},{"start":{},"end":{}}],"line":71},"2":{"loc":{"start":{"line":101,"column":4},"end":{"line":101,"column":43}},"type":"if","locations":[{"start":{"line":101,"column":4},"end":{"line":101,"column":43}},{"start":{},"end":{}}],"line":101},"3":{"loc":{"start":{"line":105,"column":8},"end":{"line":106,"column":31}},"type":"if","locations":[{"start":{"line":105,"column":8},"end":{"line":106,"column":31}},{"start":{},"end":{}}],"line":105}},"s":{"0":3,"1":3,"2":3,"3":2,"4":2,"5":2,"6":15,"7":2,"8":2,"9":2,"10":2,"11":13,"12":5,"13":2,"14":2,"15":2,"16":15,"17":2,"18":2,"19":2,"20":15,"21":5,"22":2,"23":2,"24":2,"25":2,"26":15,"27":15,"28":2,"29":2,"30":0,"31":2,"32":2,"33":2,"34":13,"35":5,"36":13,"37":2,"38":1},"f":{"0":3,"1":3,"2":3,"3":2,"4":2,"5":2,"6":15,"7":2,"8":15,"9":2,"10":2},"b":{"0":[5,8],"1":[5,10],"2":[0,2],"3":[5,8]},"_coverageSchema":"1a1c01bbd47fc00a2c39e90264f33305004495a9","hash":"4f088d53a566186b174e6d4487a436022efb5044"}
}
