TN:
SF:practice/01_return.js
FN:4,hello
FN:10,sum
FN:16,helloPerson
FN:22,minus
FN:28,divide
FNF:5
FNH:5
FNDA:1,hello
FNDA:2,sum
FNDA:2,helloPerson
FNDA:2,minus
FNDA:2,divide
DA:5,1
DA:11,2
DA:17,2
DA:23,2
DA:29,2
DA:33,1
LF:6
LH:6
BRF:0
BRH:0
end_of_record
TN:
SF:practice/02_function_parameters.js
FN:4,double
FN:10,multiply
FN:16,shout
FN:22,first
FNF:4
FNH:4
FNDA:3,double
FNDA:3,multiply
FNDA:2,shout
FNDA:2,first
DA:5,3
DA:11,3
DA:17,2
DA:23,2
DA:28,1
LF:5
LH:5
BRF:0
BRH:0
end_of_record
TN:
SF:practice/03_if_statements.js
FN:7,canDrink
FN:20,canVote
FN:36,canDrive
FN:57,week
FNF:4
FNH:4
FNDA:4,canDrink
FNDA:4,canVote
FNDA:8,canDrive
FNDA:7,week
DA:8,4
DA:9,2
DA:12,2
DA:21,4
DA:22,2
DA:25,2
DA:37,8
DA:38,2
DA:40,6
DA:41,1
DA:44,5
DA:45,2
DA:47,3
DA:48,3
DA:59,7
DA:60,4
DA:63,3
DA:64,1
DA:67,2
DA:68,2
DA:78,1
LF:21
LH:21
BRDA:8,0,0,2
BRDA:8,0,1,2
BRDA:21,1,0,2
BRDA:21,1,1,2
BRDA:37,2,0,2
BRDA:37,2,1,6
BRDA:40,3,0,1
BRDA:40,3,1,5
BRDA:44,4,0,2
BRDA:44,4,1,3
BRDA:44,5,0,5
BRDA:44,5,1,4
BRDA:47,6,0,3
BRDA:47,6,1,0
BRDA:59,7,0,4
BRDA:59,7,1,3
BRDA:59,8,0,7
BRDA:59,8,1,6
BRDA:59,8,2,5
BRDA:59,8,3,4
BRDA:63,9,0,1
BRDA:63,9,1,2
BRDA:67,10,0,2
BRDA:67,10,1,0
BRDA:67,11,0,2
BRDA:67,11,1,1
BRF:26
BRH:24
end_of_record
TN:
SF:practice/04_variables.js
FN:15,getName
FNF:1
FNH:1
FNDA:1,getName
DA:7,1
DA:16,1
DA:17,1
DA:29,1
DA:40,1
LF:5
LH:5
BRF:0
BRH:0
end_of_record
TN:
SF:practice/05_arrays_and_loops.js
FN:6,first
FN:14,howMany
FN:23,last
FN:31,forLoopSum
FN:42,forLoopHighest
FN:56,forEachLoopSum
FN:58,(anonymous_6)
FN:68,forEachLoopHighest
FN:70,(anonymous_8)
FN:85,whileLoopSum
FN:100,whileLoopHighest
FNF:11
FNH:11
FNDA:3,first
FNDA:3,howMany
FNDA:3,last
FNDA:2,forLoopSum
FNDA:2,forLoopHighest
FNDA:2,forEachLoopSum
FNDA:15,(anonymous_6)
FNDA:2,forEachLoopHighest
FNDA:15,(anonymous_8)
FNDA:2,whileLoopSum
FNDA:2,whileLoopHighest
DA:7,3
DA:15,3
DA:24,3
DA:32,2
DA:33,2
DA:34,15
DA:35,2
DA:43,2
DA:44,2
DA:45,13
DA:46,5
DA:47,2
DA:57,2
DA:58,2
DA:59,15
DA:60,2
DA:69,2
DA:70,2
DA:71,15
DA:72,5
DA:76,2
DA:86,2
DA:87,2
DA:88,2
DA:89,15
DA:90,15
DA:92,2
DA:101,2
DA:102,2
DA:103,2
DA:104,2
DA:105,13
DA:106,5
DA:107,13
DA:109,2
DA:116,1
LF:36
LH:36
BRDA:45,0,0,5
BRDA:45,0,1,8
BRDA:71,1,0,5
BRDA:71,1,1,10
BRDA:101,2,0,0
BRDA:101,2,1,2
BRDA:105,3,0,5
BRDA:105,3,1,8
BRF:8
BRH:7
end_of_record
